<?xml version="1.0" encoding="UTF-8"?>
<testng-results ignored="0" total="1" passed="1" failed="0" skipped="0">
  <reporter-output>
  </reporter-output>
  <suite started-at="2026-04-20T10:35:12 IST" name="Default suite" finished-at="2026-04-20T10:35:25 IST" duration-ms="13015">
    <groups>
    </groups>
    <test started-at="2026-04-20T10:35:12 IST" name="Default test" finished-at="2026-04-20T10:35:25 IST" duration-ms="13015">
      <class name="tests.LoginTestFinal">
        <test-method is-config="true" signature="setup()[pri:0, instance:tests.LoginTestFinal@47af7f3d]" started-at="2026-04-20T10:35:12 IST" name="setup" finished-at="2026-04-20T10:35:15 IST" duration-ms="3057" status="PASS">
          <reporter-output>
          </reporter-output>
        </test-method> <!-- setup -->
        <test-method signature="validLoginTest()[pri:0, instance:tests.LoginTestFinal@47af7f3d]" started-at="2026-04-20T10:35:15 IST" name="validLoginTest" finished-at="2026-04-20T10:35:25 IST" duration-ms="9594" status="PASS">
          <reporter-output>
          </reporter-output>
        </test-method> <!-- validLoginTest -->
        <test-method is-config="true" signature="tearDown()[pri:0, instance:tests.LoginTestFinal@47af7f3d]" started-at="2026-04-20T10:35:25 IST" name="tearDown" finished-at="2026-04-20T10:35:25 IST" duration-ms="327" status="PASS">
          <reporter-output>
          </reporter-output>
        </test-method> <!-- tearDown -->
      </class> <!-- tests.LoginTestFinal -->
    </test> <!-- Default test -->
  </suite> <!-- Default suite -->
</testng-results>
